[INFO ] 2022-01-12 09:22:55,719 [repositories/news | c.o.t.f.GraphDBFreeSchemaRepository] X-Request-Id: 4dbff3bf-9f1b-5698-9db3-0a15fe06a5b6 Version: 9.10, revision: -1537149868
[INFO ] 2022-01-12 09:22:55,736 [repositories/news | c.o.t.f.GraphDBFreeSchemaRepository] X-Request-Id: 4dbff3bf-9f1b-5698-9db3-0a15fe06a5b6 Build date: Wed Oct 13 16:09:03 GMT 2021
[INFO ] 2022-01-12 09:22:55,750 [repositories/news | c.o.t.f.GraphDBFreeSchemaRepository] X-Request-Id: 4dbff3bf-9f1b-5698-9db3-0a15fe06a5b6 License file: jar:file:/opt/graphdb/dist/lib/graphdb-free-runtime-9.10.0.jar!/GRAPHDB_LITE.license
[INFO ] 2022-01-12 09:22:55,768 [repositories/news | c.o.t.f.GraphDBFreeSchemaRepository] X-Request-Id: 4dbff3bf-9f1b-5698-9db3-0a15fe06a5b6 Product:                 GRAPHDB_LITE
[INFO ] 2022-01-12 09:22:55,770 [repositories/news | c.o.t.f.GraphDBFreeSchemaRepository] X-Request-Id: 4dbff3bf-9f1b-5698-9db3-0a15fe06a5b6 Usage restriction:       null
[INFO ] 2022-01-12 09:22:55,771 [repositories/news | c.o.t.f.GraphDBFreeSchemaRepository] X-Request-Id: 4dbff3bf-9f1b-5698-9db3-0a15fe06a5b6 Licensee:                Freeware
[INFO ] 2022-01-12 09:22:55,773 [repositories/news | c.o.t.f.GraphDBFreeSchemaRepository] X-Request-Id: 4dbff3bf-9f1b-5698-9db3-0a15fe06a5b6 Permitted use:           THE SOFTWARE IS PROVIDED "AS IS", WITHOUT WARRANTY OF ANY KIND, EXPRESS OR IMPLIED, INCLUDING BUT NOT LIMITED TO THE WARRANTIES OF MERCHANTABILITY, FITNESS FOR A PARTICULAR PURPOSE AND NONINFRINGEMENT. IN NO EVENT SHALL THE AUTHORS OR COPYRIGHT HOLDERS BE LIABLE FOR ANY CLAIM, DAMAGES OR OTHER LIABILITY, WHETHER IN AN ACTION OF CONTRACT, TORT OR OTHERWISE, ARISING FROM, OUT OF OR IN CONNECTION WITH THE SOFTWARE OR THE USE OR OTHER DEALINGS IN THE SOFTWARE.
[INFO ] 2022-01-12 09:22:55,774 [repositories/news | c.o.t.f.GraphDBFreeSchemaRepository] X-Request-Id: 4dbff3bf-9f1b-5698-9db3-0a15fe06a5b6 Version:                 9.10
[INFO ] 2022-01-12 09:22:55,776 [repositories/news | c.o.t.f.GraphDBFreeSchemaRepository] X-Request-Id: 4dbff3bf-9f1b-5698-9db3-0a15fe06a5b6 Expiry date:             none
[INFO ] 2022-01-12 09:22:55,777 [repositories/news | c.o.t.f.GraphDBFreeSchemaRepository] X-Request-Id: 4dbff3bf-9f1b-5698-9db3-0a15fe06a5b6 Latest publication date: none
[INFO ] 2022-01-12 09:22:55,779 [repositories/news | c.o.t.f.GraphDBFreeSchemaRepository] X-Request-Id: 4dbff3bf-9f1b-5698-9db3-0a15fe06a5b6 Max CPU cores:           null
[INFO ] 2022-01-12 09:22:55,805 [repositories/news | c.o.t.f.GraphDBFreeSchemaRepository] X-Request-Id: 4dbff3bf-9f1b-5698-9db3-0a15fe06a5b6 Started repository news in READ/WRITE mode.
[INFO ] 2022-01-12 09:22:55,807 [repositories/news | c.o.c.AbstractParameter] X-Request-Id: 4dbff3bf-9f1b-5698-9db3-0a15fe06a5b6 Configured parameter 'partialRDFS' to default value 'false'
[INFO ] 2022-01-12 09:22:55,809 [repositories/news | c.o.c.AbstractParameter] X-Request-Id: 4dbff3bf-9f1b-5698-9db3-0a15fe06a5b6 Configured parameter 'transaction-isolation' to default value 'true'
[INFO ] 2022-01-12 09:22:55,811 [repositories/news | c.o.c.AbstractParameter] X-Request-Id: 4dbff3bf-9f1b-5698-9db3-0a15fe06a5b6 Configured parameter 'checkForValidPropertiesAndClasses' to default value 'false'
[INFO ] 2022-01-12 09:22:55,812 [repositories/news | c.o.c.AbstractParameter] X-Request-Id: 4dbff3bf-9f1b-5698-9db3-0a15fe06a5b6 Configured parameter 'transaction-mode' to default value 'safe'
[INFO ] 2022-01-12 09:22:55,814 [repositories/news | c.o.c.AbstractParameter] X-Request-Id: 4dbff3bf-9f1b-5698-9db3-0a15fe06a5b6 Configured parameter 'useShutdownHooks' to default value 'true'
[INFO ] 2022-01-12 09:22:55,821 [repositories/news | c.o.GraphDBConfigParameters] X-Request-Id: 4dbff3bf-9f1b-5698-9db3-0a15fe06a5b6 Cache pages for tuples: 7829
[INFO ] 2022-01-12 09:22:55,823 [repositories/news | c.o.GraphDBConfigParameters] X-Request-Id: 4dbff3bf-9f1b-5698-9db3-0a15fe06a5b6 Cache pages for predicates: 1118
[INFO ] 2022-01-12 09:22:55,826 [repositories/news | c.o.c.AbstractParameter] X-Request-Id: 4dbff3bf-9f1b-5698-9db3-0a15fe06a5b6 Configured parameter 'graphdb.global.page.cache' to default value 'true'
[INFO ] 2022-01-12 09:22:55,901 [repositories/news | c.o.t.f.GraphDBFreeSchemaRepository] X-Request-Id: 4dbff3bf-9f1b-5698-9db3-0a15fe06a5b6 Detected unclean shutdown
[INFO ] 2022-01-12 09:22:55,902 [repositories/news | c.o.c.AbstractParameter] X-Request-Id: 4dbff3bf-9f1b-5698-9db3-0a15fe06a5b6 Configured parameter 'graphdb.epool.onheap' to default value 'false'
[INFO ] 2022-01-12 09:22:55,904 [repositories/news | c.o.t.e.EntityPoolFactory] X-Request-Id: 4dbff3bf-9f1b-5698-9db3-0a15fe06a5b6 Using entity pool implementation: transactional-disk
[INFO ] 2022-01-12 09:22:55,914 [repositories/news | c.o.c.AbstractParameter] X-Request-Id: 4dbff3bf-9f1b-5698-9db3-0a15fe06a5b6 Configured parameter 'epool.connection.cache.size' to default value '2000'
[INFO ] 2022-01-12 09:22:55,936 [repositories/news | c.o.c.AbstractParameter] X-Request-Id: 4dbff3bf-9f1b-5698-9db3-0a15fe06a5b6 Configured parameter 'graphdb.epool.onheap' to default value 'false'
[INFO ] 2022-01-12 09:22:55,977 [repositories/news | c.o.t.e.i.m.PersistedHashMap] X-Request-Id: 4dbff3bf-9f1b-5698-9db3-0a15fe06a5b6 Restoring entity hash table...
[INFO ] 2022-01-12 09:22:56,587 [repositories/news | c.o.t.e.i.m.PersistedHashMap] X-Request-Id: 4dbff3bf-9f1b-5698-9db3-0a15fe06a5b6 Restored 0 entity allocating 12.0 MB
[INFO ] 2022-01-12 09:22:56,589 [repositories/news | c.o.t.e.i.m.PersistedHashMap] X-Request-Id: 4dbff3bf-9f1b-5698-9db3-0a15fe06a5b6 Done in 609 ms.
[INFO ] 2022-01-12 09:22:57,152 [repositories/news | c.o.c.AbstractParameter] X-Request-Id: 4dbff3bf-9f1b-5698-9db3-0a15fe06a5b6 Configured parameter 'enable-pool-reversecache' to default value 'true'
[INFO ] 2022-01-12 09:22:57,156 [repositories/news | c.o.t.e.u.EntityPoolRestoreUtil] X-Request-Id: 4dbff3bf-9f1b-5698-9db3-0a15fe06a5b6 Begin restoring from persistence: hashmap types array
[INFO ] 2022-01-12 09:22:58,646 [repositories/news | c.o.t.e.u.EntityPoolRestoreUtil] X-Request-Id: 4dbff3bf-9f1b-5698-9db3-0a15fe06a5b6 Done in 1488ms.
[INFO ] 2022-01-12 09:22:58,669 [repositories/news | c.o.c.AbstractParameter] X-Request-Id: 4dbff3bf-9f1b-5698-9db3-0a15fe06a5b6 Configured parameter 'allow-system-entities-as-data' to default value 'false'
[INFO ] 2022-01-12 09:22:58,674 [repositories/news | c.o.t.u.l.LimitedObjectCacheFactory] X-Request-Id: 4dbff3bf-9f1b-5698-9db3-0a15fe06a5b6 Using LRU cache type: synch
[INFO ] 2022-01-12 09:22:58,694 [repositories/news | c.o.c.AbstractParameter] X-Request-Id: 4dbff3bf-9f1b-5698-9db3-0a15fe06a5b6 Configured parameter 'cache-ratio-so-os-cso-cos' to default value '[50, 50, 50]'
[INFO ] 2022-01-12 09:22:58,754 [repositories/news | c.o.c.AbstractParameter] X-Request-Id: 4dbff3bf-9f1b-5698-9db3-0a15fe06a5b6 Configured parameter 'graphdb.global.page.cache' to default value 'true'
[INFO ] 2022-01-12 09:22:58,760 [repositories/news | c.o.c.AbstractParameter] X-Request-Id: 4dbff3bf-9f1b-5698-9db3-0a15fe06a5b6 Configured parameter 'graphdb.page.cache.size' to default value '1.0G'
[INFO ] 2022-01-12 09:22:59,182 [repositories/news | c.o.c.AbstractParameter] X-Request-Id: 4dbff3bf-9f1b-5698-9db3-0a15fe06a5b6 Configured parameter 'virtual.repository.mode' to default value 'false'
[WARN ] 2022-01-12 09:22:59,579 [repositories/news | c.o.t.f.GraphDBFreeSchemaRepository] X-Request-Id: 4dbff3bf-9f1b-5698-9db3-0a15fe06a5b6 Rule list configuration present, it will override all other rule sets parameters!
[INFO ] 2022-01-12 09:22:59,639 [repositories/news | c.o.c.AbstractParameter] X-Request-Id: 4dbff3bf-9f1b-5698-9db3-0a15fe06a5b6 Configured parameter 'epool.journal.buffer.size' to default value '1024'
[INFO ] 2022-01-12 09:22:59,677 [repositories/news | c.o.c.AbstractParameter] X-Request-Id: 4dbff3bf-9f1b-5698-9db3-0a15fe06a5b6 Configured parameter 'enable-debug-rules' to default value 'false'
[INFO ] 2022-01-12 09:22:59,721 [repositories/news | c.o.t.InferencerFactory] X-Request-Id: 4dbff3bf-9f1b-5698-9db3-0a15fe06a5b6 ruleSet=owl2-rl-optimized, partialRdfs=false
[INFO ] 2022-01-12 09:22:59,749 [repositories/news | c.o.c.AbstractParameter] X-Request-Id: 4dbff3bf-9f1b-5698-9db3-0a15fe06a5b6 Configured parameter 'filter.obj.only.hint' to default value 'true'
[INFO ] 2022-01-12 09:22:59,847 [repositories/news | c.o.c.AbstractParameter] X-Request-Id: 4dbff3bf-9f1b-5698-9db3-0a15fe06a5b6 Configured parameter 'check.pred.stats' to default value 'false'
[INFO ] 2022-01-12 09:23:00,205 [repositories/news | c.o.c.AbstractParameter] X-Request-Id: 4dbff3bf-9f1b-5698-9db3-0a15fe06a5b6 Configured parameter 'disable-plugins' to default value '[]'
[INFO ] 2022-01-12 09:23:00,208 [repositories/news | c.o.c.AbstractParameter] X-Request-Id: 4dbff3bf-9f1b-5698-9db3-0a15fe06a5b6 Configured parameter 'skip-default-plugins' to default value 'false'
[INFO ] 2022-01-12 09:23:00,210 [repositories/news | c.o.t.f.GraphDBFreeSchemaRepository] X-Request-Id: 4dbff3bf-9f1b-5698-9db3-0a15fe06a5b6 Searching for plugins available in the classpath...
[INFO ] 2022-01-12 09:23:00,288 [repositories/news | c.o.t.s.i.PluginManager] X-Request-Id: 4dbff3bf-9f1b-5698-9db3-0a15fe06a5b6 Registering plugin direct
[INFO ] 2022-01-12 09:23:00,290 [repositories/news | c.o.t.s.i.PluginManager] X-Request-Id: 4dbff3bf-9f1b-5698-9db3-0a15fe06a5b6 Registering plugin notifications
[INFO ] 2022-01-12 09:23:00,292 [repositories/news | c.o.t.s.i.PluginManager] X-Request-Id: 4dbff3bf-9f1b-5698-9db3-0a15fe06a5b6 Registering plugin expose-entity
[INFO ] 2022-01-12 09:23:00,293 [repositories/news | c.o.t.s.i.PluginManager] X-Request-Id: 4dbff3bf-9f1b-5698-9db3-0a15fe06a5b6 Registering plugin literals-index
[INFO ] 2022-01-12 09:23:00,295 [repositories/news | c.o.t.s.i.PluginManager] X-Request-Id: 4dbff3bf-9f1b-5698-9db3-0a15fe06a5b6 Registering plugin script
[INFO ] 2022-01-12 09:23:00,297 [repositories/news | c.o.t.s.i.PluginManager] X-Request-Id: 4dbff3bf-9f1b-5698-9db3-0a15fe06a5b6 Registering plugin utils
[INFO ] 2022-01-12 09:23:00,299 [repositories/news | c.o.t.s.i.PluginManager] X-Request-Id: 4dbff3bf-9f1b-5698-9db3-0a15fe06a5b6 Registering plugin plugincontrol
[INFO ] 2022-01-12 09:23:00,300 [repositories/news | c.o.t.s.i.PluginManager] X-Request-Id: 4dbff3bf-9f1b-5698-9db3-0a15fe06a5b6 Registering plugin magic-predicates
[INFO ] 2022-01-12 09:23:00,302 [repositories/news | c.o.t.s.i.PluginManager] X-Request-Id: 4dbff3bf-9f1b-5698-9db3-0a15fe06a5b6 Registering plugin sparql-template
[INFO ] 2022-01-12 09:23:00,304 [repositories/news | c.o.t.s.i.PluginManager] X-Request-Id: 4dbff3bf-9f1b-5698-9db3-0a15fe06a5b6 Registering plugin tx-rollback
[INFO ] 2022-01-12 09:23:00,305 [repositories/news | c.o.c.AbstractParameter] X-Request-Id: 4dbff3bf-9f1b-5698-9db3-0a15fe06a5b6 Configured parameter 'register-plugins' to default value '[]'
[INFO ] 2022-01-12 09:23:00,311 [repositories/news | c.o.GraphDBConfigParameters] X-Request-Id: 4dbff3bf-9f1b-5698-9db3-0a15fe06a5b6 Reading external plugins from /opt/graphdb/dist/lib/plugins
[INFO ] 2022-01-12 09:23:00,313 [repositories/news | c.o.c.AbstractParameter] X-Request-Id: 4dbff3bf-9f1b-5698-9db3-0a15fe06a5b6 Configured parameter 'register-external-plugins' to default value '[/opt/graphdb/dist/lib/plugins]'
[INFO ] 2022-01-12 09:23:00,315 [repositories/news | c.o.t.f.GraphDBFreeSchemaRepository] X-Request-Id: 4dbff3bf-9f1b-5698-9db3-0a15fe06a5b6 Registering external plugins...
[INFO ] 2022-01-12 09:23:00,319 [repositories/news | c.o.t.f.GraphDBFreeSchemaRepository] X-Request-Id: 4dbff3bf-9f1b-5698-9db3-0a15fe06a5b6 Scanning /opt/graphdb/dist/lib/plugins/notifications-logger-plugin for plugins
[INFO ] 2022-01-12 09:23:00,327 [repositories/news | c.o.t.s.i.PluginManager] X-Request-Id: 4dbff3bf-9f1b-5698-9db3-0a15fe06a5b6 Registering plugin notifications-logger
[INFO ] 2022-01-12 09:23:00,329 [repositories/news | c.o.t.f.GraphDBFreeSchemaRepository] X-Request-Id: 4dbff3bf-9f1b-5698-9db3-0a15fe06a5b6 Scanning /opt/graphdb/dist/lib/plugins/similarity-plugin for plugins
[INFO ] 2022-01-12 09:23:00,375 [repositories/news | c.o.t.s.i.PluginManager] X-Request-Id: 4dbff3bf-9f1b-5698-9db3-0a15fe06a5b6 Registering plugin similarity
[INFO ] 2022-01-12 09:23:00,376 [repositories/news | c.o.t.f.GraphDBFreeSchemaRepository] X-Request-Id: 4dbff3bf-9f1b-5698-9db3-0a15fe06a5b6 Scanning /opt/graphdb/dist/lib/plugins/dependencies-plugin for plugins
[INFO ] 2022-01-12 09:23:00,392 [repositories/news | c.o.t.s.i.PluginManager] X-Request-Id: 4dbff3bf-9f1b-5698-9db3-0a15fe06a5b6 Registering plugin dependencies-plugin
[INFO ] 2022-01-12 09:23:00,393 [repositories/news | c.o.t.f.GraphDBFreeSchemaRepository] X-Request-Id: 4dbff3bf-9f1b-5698-9db3-0a15fe06a5b6 Scanning /opt/graphdb/dist/lib/plugins/lucene-connector for plugins
[INFO ] 2022-01-12 09:23:00,530 [repositories/news | c.o.t.s.i.PluginManager] X-Request-Id: 4dbff3bf-9f1b-5698-9db3-0a15fe06a5b6 Registering plugin lucene-connector
[INFO ] 2022-01-12 09:23:00,531 [repositories/news | c.o.t.f.GraphDBFreeSchemaRepository] X-Request-Id: 4dbff3bf-9f1b-5698-9db3-0a15fe06a5b6 Scanning /opt/graphdb/dist/lib/plugins/tx-rollback-plugin for plugins
[WARN ] 2022-01-12 09:23:00,540 [repositories/news | c.o.t.s.i.PluginManager] X-Request-Id: 4dbff3bf-9f1b-5698-9db3-0a15fe06a5b6 Skipping duplicate plugin tx-rollback
[INFO ] 2022-01-12 09:23:00,542 [repositories/news | c.o.t.f.GraphDBFreeSchemaRepository] X-Request-Id: 4dbff3bf-9f1b-5698-9db3-0a15fe06a5b6 Scanning /opt/graphdb/dist/lib/plugins/text-mining-plugin for plugins
[INFO ] 2022-01-12 09:23:00,563 [repositories/news | c.o.t.s.i.PluginManager] X-Request-Id: 4dbff3bf-9f1b-5698-9db3-0a15fe06a5b6 Registering plugin text-mining
[INFO ] 2022-01-12 09:23:00,564 [repositories/news | c.o.t.f.GraphDBFreeSchemaRepository] X-Request-Id: 4dbff3bf-9f1b-5698-9db3-0a15fe06a5b6 Scanning /opt/graphdb/dist/lib/plugins/autocomplete-plugin for plugins
[INFO ] 2022-01-12 09:23:00,590 [repositories/news | c.o.t.s.i.PluginManager] X-Request-Id: 4dbff3bf-9f1b-5698-9db3-0a15fe06a5b6 Registering plugin autocomplete
[INFO ] 2022-01-12 09:23:00,592 [repositories/news | c.o.t.f.GraphDBFreeSchemaRepository] X-Request-Id: 4dbff3bf-9f1b-5698-9db3-0a15fe06a5b6 Scanning /opt/graphdb/dist/lib/plugins/history-plugin for plugins
[INFO ] 2022-01-12 09:23:00,606 [repositories/news | c.o.t.s.i.PluginManager] X-Request-Id: 4dbff3bf-9f1b-5698-9db3-0a15fe06a5b6 Registering plugin history
[INFO ] 2022-01-12 09:23:00,609 [repositories/news | c.o.t.f.GraphDBFreeSchemaRepository] X-Request-Id: 4dbff3bf-9f1b-5698-9db3-0a15fe06a5b6 Scanning /opt/graphdb/dist/lib/plugins/rdfrank-plugin for plugins
[INFO ] 2022-01-12 09:23:00,625 [repositories/news | c.o.t.s.i.PluginManager] X-Request-Id: 4dbff3bf-9f1b-5698-9db3-0a15fe06a5b6 Registering plugin rdfrank
[INFO ] 2022-01-12 09:23:00,626 [repositories/news | c.o.t.f.GraphDBFreeSchemaRepository] X-Request-Id: 4dbff3bf-9f1b-5698-9db3-0a15fe06a5b6 Scanning /opt/graphdb/dist/lib/plugins/proof-plugin for plugins
[INFO ] 2022-01-12 09:23:00,635 [repositories/news | c.o.t.s.i.PluginManager] X-Request-Id: 4dbff3bf-9f1b-5698-9db3-0a15fe06a5b6 Registering plugin proof
[INFO ] 2022-01-12 09:23:00,637 [repositories/news | c.o.t.f.GraphDBFreeSchemaRepository] X-Request-Id: 4dbff3bf-9f1b-5698-9db3-0a15fe06a5b6 Scanning /opt/graphdb/dist/lib/plugins/geospatial-plugin for plugins
[INFO ] 2022-01-12 09:23:00,837 [repositories/news | c.o.t.p.g.FunctionLoader] X-Request-Id: 4dbff3bf-9f1b-5698-9db3-0a15fe06a5b6 Registered 1 functions from package com.ontotext.trree.plugin.geo.
[INFO ] 2022-01-12 09:23:00,839 [repositories/news | c.o.t.s.i.PluginManager] X-Request-Id: 4dbff3bf-9f1b-5698-9db3-0a15fe06a5b6 Registering plugin geospatial
[INFO ] 2022-01-12 09:23:00,840 [repositories/news | c.o.t.f.GraphDBFreeSchemaRepository] X-Request-Id: 4dbff3bf-9f1b-5698-9db3-0a15fe06a5b6 Scanning /opt/graphdb/dist/lib/plugins/sparql-mm for plugins
[INFO ] 2022-01-12 09:23:00,848 [repositories/news | c.o.t.s.i.PluginManager] X-Request-Id: 4dbff3bf-9f1b-5698-9db3-0a15fe06a5b6 Registering plugin sparql-mm
[INFO ] 2022-01-12 09:23:00,850 [repositories/news | c.o.t.f.GraphDBFreeSchemaRepository] X-Request-Id: 4dbff3bf-9f1b-5698-9db3-0a15fe06a5b6 Scanning /opt/graphdb/dist/lib/plugins/change-tracking-plugin for plugins
[INFO ] 2022-01-12 09:23:00,858 [repositories/news | c.o.t.s.i.PluginManager] X-Request-Id: 4dbff3bf-9f1b-5698-9db3-0a15fe06a5b6 Registering plugin change-tracking
[INFO ] 2022-01-12 09:23:00,861 [repositories/news | c.o.t.f.GraphDBFreeSchemaRepository] X-Request-Id: 4dbff3bf-9f1b-5698-9db3-0a15fe06a5b6 Scanning /opt/graphdb/dist/lib/plugins/mongodb-plugin for plugins
[INFO ] 2022-01-12 09:23:00,877 [repositories/news | c.o.t.s.i.PluginManager] X-Request-Id: 4dbff3bf-9f1b-5698-9db3-0a15fe06a5b6 Registering plugin mongodb
[INFO ] 2022-01-12 09:23:00,879 [repositories/news | c.o.t.f.GraphDBFreeSchemaRepository] X-Request-Id: 4dbff3bf-9f1b-5698-9db3-0a15fe06a5b6 Scanning /opt/graphdb/dist/lib/plugins/geosparql-plugin for plugins
[INFO ] 2022-01-12 09:23:00,996 [repositories/news | c.o.t.s.i.PluginManager] X-Request-Id: 4dbff3bf-9f1b-5698-9db3-0a15fe06a5b6 Registering plugin GeoSPARQL
[INFO ] 2022-01-12 09:23:00,999 [repositories/news | c.o.t.s.i.PluginManager] X-Request-Id: 4dbff3bf-9f1b-5698-9db3-0a15fe06a5b6 Initializing plugins... (DEFAULT)
[INFO ] 2022-01-12 09:23:01,006 [repositories/news | c.o.c.AbstractParameter] X-Request-Id: 4dbff3bf-9f1b-5698-9db3-0a15fe06a5b6 Configured parameter 'nonInterpretablePredicates' to default value 'null'
[INFO ] 2022-01-12 09:23:01,019 [repositories/news | c.o.t.s.i.PluginManager] X-Request-Id: 4dbff3bf-9f1b-5698-9db3-0a15fe06a5b6 Initializing plugin 'GeoSPARQL'
[INFO ] 2022-01-12 09:23:02,775 [repositories/news | c.o.t.g.FunctionLoader] X-Request-Id: 4dbff3bf-9f1b-5698-9db3-0a15fe06a5b6 Registered 50 functions from package com.useekm.geosparql.
[INFO ] 2022-01-12 09:23:02,779 [repositories/news | c.o.t.s.i.PluginManager] X-Request-Id: 4dbff3bf-9f1b-5698-9db3-0a15fe06a5b6 Initializing plugin 'autocomplete'
[INFO ] 2022-01-12 09:23:02,789 [repositories/news | c.o.t.p.a.AutocompletePluginUtils] X-Request-Id: 4dbff3bf-9f1b-5698-9db3-0a15fe06a5b6 >>>>>>>> AutocompletePlugin: No configuration file found at /opt/graphdb/home/data/repositories/news/storage/autocomplete/v2/config.properties. Assuming default options for plugin.
[INFO ] 2022-01-12 09:23:02,795 [repositories/news | c.o.t.s.i.PluginManager] X-Request-Id: 4dbff3bf-9f1b-5698-9db3-0a15fe06a5b6 Initializing plugin 'change-tracking'
[INFO ] 2022-01-12 09:23:02,798 [repositories/news | c.o.t.s.i.PluginManager] X-Request-Id: 4dbff3bf-9f1b-5698-9db3-0a15fe06a5b6 Initializing plugin 'dependencies-plugin'
[INFO ] 2022-01-12 09:23:02,802 [repositories/news | c.o.t.s.i.PluginManager] X-Request-Id: 4dbff3bf-9f1b-5698-9db3-0a15fe06a5b6 Initializing plugin 'direct'
[INFO ] 2022-01-12 09:23:02,805 [repositories/news | c.o.t.s.i.PluginManager] X-Request-Id: 4dbff3bf-9f1b-5698-9db3-0a15fe06a5b6 Initializing plugin 'expose-entity'
[INFO ] 2022-01-12 09:23:02,808 [repositories/news | c.o.t.s.i.PluginManager] X-Request-Id: 4dbff3bf-9f1b-5698-9db3-0a15fe06a5b6 Initializing plugin 'geospatial'
[INFO ] 2022-01-12 09:23:02,813 [repositories/news | c.o.t.p.g.GeoSpatialPlugin] X-Request-Id: 4dbff3bf-9f1b-5698-9db3-0a15fe06a5b6 Plugin:geospatial initialized
[INFO ] 2022-01-12 09:23:02,815 [repositories/news | c.o.t.s.i.PluginManager] X-Request-Id: 4dbff3bf-9f1b-5698-9db3-0a15fe06a5b6 Initializing plugin 'history'
[INFO ] 2022-01-12 09:23:02,849 [repositories/news | c.o.t.s.i.PluginManager] X-Request-Id: 4dbff3bf-9f1b-5698-9db3-0a15fe06a5b6 Initializing plugin 'literals-index'
[INFO ] 2022-01-12 09:23:02,905 [repositories/news | c.o.p.literals-index] X-Request-Id: 4dbff3bf-9f1b-5698-9db3-0a15fe06a5b6 Literals indices restored.
[INFO ] 2022-01-12 09:23:02,906 [repositories/news | c.o.t.s.i.PluginManager] X-Request-Id: 4dbff3bf-9f1b-5698-9db3-0a15fe06a5b6 Initializing plugin 'lucene-connector'
[INFO ] 2022-01-12 09:23:02,926 [repositories/news | c.o.t.s.i.PluginManager] X-Request-Id: 4dbff3bf-9f1b-5698-9db3-0a15fe06a5b6 Initializing plugin 'magic-predicates'
[INFO ] 2022-01-12 09:23:02,927 [repositories/news | c.o.p.magic-predicates] X-Request-Id: 4dbff3bf-9f1b-5698-9db3-0a15fe06a5b6 Registering InverseMagicPredicate: http://spinrdf.org/spif#foreach
[INFO ] 2022-01-12 09:23:02,929 [repositories/news | c.o.p.magic-predicates] X-Request-Id: 4dbff3bf-9f1b-5698-9db3-0a15fe06a5b6 Registering TupleFunction: http://jena.hpl.hp.com/ARQ/list#length
[INFO ] 2022-01-12 09:23:02,932 [repositories/news | c.o.p.magic-predicates] X-Request-Id: 4dbff3bf-9f1b-5698-9db3-0a15fe06a5b6 Registering InverseMagicPredicate: http://jena.hpl.hp.com/ARQ/property#concat
[INFO ] 2022-01-12 09:23:02,933 [repositories/news | c.o.p.magic-predicates] X-Request-Id: 4dbff3bf-9f1b-5698-9db3-0a15fe06a5b6 Registering InverseMagicPredicate: http://spinrdf.org/spif#for
[INFO ] 2022-01-12 09:23:02,935 [repositories/news | c.o.p.magic-predicates] X-Request-Id: 4dbff3bf-9f1b-5698-9db3-0a15fe06a5b6 Registering InverseMagicPredicate: http://spinrdf.org/spif#split
[INFO ] 2022-01-12 09:23:02,936 [repositories/news | c.o.p.magic-predicates] X-Request-Id: 4dbff3bf-9f1b-5698-9db3-0a15fe06a5b6 Registering TupleFunction: http://jena.hpl.hp.com/ARQ/list#member
[INFO ] 2022-01-12 09:23:02,938 [repositories/news | c.o.p.magic-predicates] X-Request-Id: 4dbff3bf-9f1b-5698-9db3-0a15fe06a5b6 Registering TupleFunction: http://jena.hpl.hp.com/ARQ/list#index
[INFO ] 2022-01-12 09:23:02,939 [repositories/news | c.o.p.magic-predicates] X-Request-Id: 4dbff3bf-9f1b-5698-9db3-0a15fe06a5b6 Registering InverseMagicPredicate: http://jena.hpl.hp.com/ARQ/property#strSplit
[INFO ] 2022-01-12 09:23:02,941 [repositories/news | c.o.t.s.i.PluginManager] X-Request-Id: 4dbff3bf-9f1b-5698-9db3-0a15fe06a5b6 Initializing plugin 'mongodb'
[INFO ] 2022-01-12 09:23:02,944 [repositories/news | c.o.t.s.i.PluginManager] X-Request-Id: 4dbff3bf-9f1b-5698-9db3-0a15fe06a5b6 Initializing plugin 'notifications'
[INFO ] 2022-01-12 09:23:02,946 [repositories/news | c.o.t.s.i.PluginManager] X-Request-Id: 4dbff3bf-9f1b-5698-9db3-0a15fe06a5b6 Initializing plugin 'notifications-logger'
[INFO ] 2022-01-12 09:23:02,949 [repositories/news | c.o.t.s.i.PluginManager] X-Request-Id: 4dbff3bf-9f1b-5698-9db3-0a15fe06a5b6 Initializing plugin 'plugincontrol'
[INFO ] 2022-01-12 09:23:02,951 [repositories/news | c.o.t.p.p.PluginControlPlugin] X-Request-Id: 4dbff3bf-9f1b-5698-9db3-0a15fe06a5b6 Plugin:plugincontrol initialized
[INFO ] 2022-01-12 09:23:02,953 [repositories/news | c.o.t.s.i.PluginManager] X-Request-Id: 4dbff3bf-9f1b-5698-9db3-0a15fe06a5b6 Initializing plugin 'proof'
[INFO ] 2022-01-12 09:23:02,955 [repositories/news | c.o.t.s.i.PluginManager] X-Request-Id: 4dbff3bf-9f1b-5698-9db3-0a15fe06a5b6 Initializing plugin 'rdfrank'
[INFO ] 2022-01-12 09:23:02,972 [repositories/news | c.o.t.s.i.PluginManager] X-Request-Id: 4dbff3bf-9f1b-5698-9db3-0a15fe06a5b6 Initializing plugin 'script'
[INFO ] 2022-01-12 09:23:02,974 [repositories/news | c.o.t.s.i.PluginManager] X-Request-Id: 4dbff3bf-9f1b-5698-9db3-0a15fe06a5b6 Initializing plugin 'similarity'
[INFO ] 2022-01-12 09:23:02,986 [repositories/news | c.o.t.s.i.PluginManager] X-Request-Id: 4dbff3bf-9f1b-5698-9db3-0a15fe06a5b6 Initializing plugin 'sparql-mm'
[INFO ] 2022-01-12 09:23:03,048 [repositories/news | c.o.g.s.FunctionLoader] X-Request-Id: 4dbff3bf-9f1b-5698-9db3-0a15fe06a5b6 Registered 58 functions from package com.github.tkurz.sparqlmm.function.
[INFO ] 2022-01-12 09:23:03,050 [repositories/news | c.o.t.s.i.PluginManager] X-Request-Id: 4dbff3bf-9f1b-5698-9db3-0a15fe06a5b6 Initializing plugin 'sparql-template'
[INFO ] 2022-01-12 09:23:03,055 [repositories/news | c.o.t.s.i.PluginManager] X-Request-Id: 4dbff3bf-9f1b-5698-9db3-0a15fe06a5b6 Initializing plugin 'text-mining'
[INFO ] 2022-01-12 09:23:03,064 [repositories/news | c.o.t.s.i.PluginManager] X-Request-Id: 4dbff3bf-9f1b-5698-9db3-0a15fe06a5b6 Initializing plugin 'tx-rollback'
[INFO ] 2022-01-12 09:23:03,066 [repositories/news | c.o.t.s.i.PluginManager] X-Request-Id: 4dbff3bf-9f1b-5698-9db3-0a15fe06a5b6 Initializing plugin 'utils'
[INFO ] 2022-01-12 09:23:03,672 [repositories/news | c.o.t.s.i.PluginManager] X-Request-Id: 4dbff3bf-9f1b-5698-9db3-0a15fe06a5b6 Finished initializing plugins
[INFO ] 2022-01-12 09:23:03,676 [repositories/news | c.o.c.AbstractParameter] X-Request-Id: 4dbff3bf-9f1b-5698-9db3-0a15fe06a5b6 Configured parameter 'graphdb.page.cache.size' to default value '1.0G'
[INFO ] 2022-01-12 09:23:04,100 [repositories/news | c.o.c.AbstractParameter] X-Request-Id: 4dbff3bf-9f1b-5698-9db3-0a15fe06a5b6 Configured parameter 'do.resolve.entities' to default value 'true'
[INFO ] 2022-01-12 09:23:04,102 [repositories/news | c.o.c.AbstractParameter] X-Request-Id: 4dbff3bf-9f1b-5698-9db3-0a15fe06a5b6 Configured parameter 'do.load.data' to default value 'true'
[INFO ] 2022-01-12 09:23:04,104 [repositories/news | c.o.r.p.ParallelLoader] X-Request-Id: 4dbff3bf-9f1b-5698-9db3-0a15fe06a5b6 Data will be parsed + resolved + loaded.
[INFO ] 2022-01-12 09:23:04,106 [repositories/news | c.o.c.AbstractParameter] X-Request-Id: 4dbff3bf-9f1b-5698-9db3-0a15fe06a5b6 Configured parameter 'graphdb.persistent.parallel.inferencers' to default value 'false'
[INFO ] 2022-01-12 09:23:04,152 [repositories/news | c.o.r.p.ParallelLoader] X-Request-Id: 4dbff3bf-9f1b-5698-9db3-0a15fe06a5b6 Using 6 threads for inference
[INFO ] 2022-01-12 09:23:05,802 [repositories/news | o.e.r.s.s.ShaclSail] X-Request-Id: 4dbff3bf-9f1b-5698-9db3-0a15fe06a5b6 Shapes will be persisted in: /opt/graphdb/home/data/repositories/news/shapes-graph/
[WARN ] 2022-01-12 09:23:05,816 [repositories/news | o.e.r.s.h.DirectoryLockManager] X-Request-Id: 4dbff3bf-9f1b-5698-9db3-0a15fe06a5b6 Removing invalid lock 1@218ad282b13f
[INFO ] 2022-01-12 09:23:05,865 [repositories/news | c.o.g.s.RepositoryController] X-Request-Id: 4dbff3bf-9f1b-5698-9db3-0a15fe06a5b6 GET query -818882345
[INFO ] 2022-01-12 09:23:05,927 [repositories/news | c.o.c.AbstractParameter] X-Request-Id: 4dbff3bf-9f1b-5698-9db3-0a15fe06a5b6 Configured parameter 'custom.validation.queries.file' to default value 'null'
[INFO ] 2022-01-12 09:23:06,286 [repositories/news | c.o.c.AbstractParameter] X-Request-Id: 4dbff3bf-9f1b-5698-9db3-0a15fe06a5b6 Configured parameter 'deduplicate.construct' to default value 'true'
[INFO ] 2022-01-12 09:23:06,424 [repositories/news | c.o.c.AbstractParameter] X-Request-Id: 4dbff3bf-9f1b-5698-9db3-0a15fe06a5b6 Configured parameter 'in-clause-max-members' to default value '16'
[INFO ] 2022-01-12 09:23:06,428 [repositories/news | c.o.c.AbstractParameter] X-Request-Id: 4dbff3bf-9f1b-5698-9db3-0a15fe06a5b6 Configured parameter 'query.convert.values.clause' to default value 'true'
[INFO ] 2022-01-12 09:23:06,496 [repositories/news | c.o.c.AbstractParameter] X-Request-Id: 4dbff3bf-9f1b-5698-9db3-0a15fe06a5b6 Configured parameter 'hash.join' to default value 'false'
[INFO ] 2022-01-12 09:23:06,509 [repositories/news | c.o.c.AbstractParameter] X-Request-Id: 4dbff3bf-9f1b-5698-9db3-0a15fe06a5b6 Configured parameter 'PTO' to default value '2'
[INFO ] 2022-01-12 09:23:06,511 [repositories/news | c.o.c.AbstractParameter] X-Request-Id: 4dbff3bf-9f1b-5698-9db3-0a15fe06a5b6 Configured parameter 'FSIPC' to default value '2'
[INFO ] 2022-01-12 09:23:06,531 [repositories/news | c.o.c.AbstractParameter] X-Request-Id: 4dbff3bf-9f1b-5698-9db3-0a15fe06a5b6 Configured parameter 'default.min.distinct.threshold' to default value '250.0M'
[INFO ] 2022-01-12 09:23:06,671 [repositories/news | c.o.c.AbstractParameter] X-Request-Id: 4dbff3bf-9f1b-5698-9db3-0a15fe06a5b6 Configured parameter 'merge.join' to default value 'false'
[INFO ] 2022-01-12 09:23:06,914 [repositories/news | c.o.g.s.TupleQueryResultView] X-Request-Id: 4dbff3bf-9f1b-5698-9db3-0a15fe06a5b6 Request for query -818882345 is finished
[INFO ] 2022-01-12 09:24:24,243 [repositories/news | c.o.g.s.RepositoryController] X-Request-Id: 57b6ec7c-bc0e-515b-a841-acbaafb8e658 GET query -818882345
[INFO ] 2022-01-12 09:24:24,285 [repositories/news | c.o.g.s.TupleQueryResultView] X-Request-Id: 57b6ec7c-bc0e-515b-a841-acbaafb8e658 Request for query -818882345 is finished
[INFO ] 2022-01-12 09:57:39,954 [repositories/news | c.o.g.s.RepositoryController] X-Request-Id: 37bdc3a5-837e-5954-afa6-8370b58908e6 GET query -818882345
[INFO ] 2022-01-12 09:57:40,023 [repositories/news | c.o.g.s.TupleQueryResultView] X-Request-Id: 37bdc3a5-837e-5954-afa6-8370b58908e6 Request for query -818882345 is finished
[INFO ] 2022-01-12 10:11:17,388 [repositories/news | c.o.g.s.RepositoryController] X-Request-Id: 31e034de-3343-539d-8b06-185f98754a6c GET query -818882345
[INFO ] 2022-01-12 10:11:17,447 [repositories/news | c.o.g.s.TupleQueryResultView] X-Request-Id: 31e034de-3343-539d-8b06-185f98754a6c Request for query -818882345 is finished
[INFO ] 2022-01-12 10:21:27,365 [repositories/news | c.o.g.s.RepositoryController] X-Request-Id: 2de65c52-16ec-5d9a-acee-363e61aa179b GET query -818882345
[INFO ] 2022-01-12 10:21:27,413 [repositories/news | c.o.g.s.TupleQueryResultView] X-Request-Id: 2de65c52-16ec-5d9a-acee-363e61aa179b Request for query -818882345 is finished
[INFO ] 2022-01-12 10:27:43,866 [main | c.o.g.Config] Using 'jar:file:/opt/graphdb/dist/lib/graphdb-application-common-9.10.0.jar!/com/ontotext/graphdb/logback.xml' as logback's configuration file
[INFO ] 2022-01-12 10:27:44,549 [main | c.o.g.s.GraphDB] Starting GraphDB in workbench mode.
[INFO ] 2022-01-12 10:27:54,054 [main | c.o.g.Config] GraphDB Home directory: /opt/graphdb/home
[INFO ] 2022-01-12 10:27:54,056 [main | c.o.g.Config] GraphDB Config directory: /opt/graphdb/home/conf
[INFO ] 2022-01-12 10:27:54,058 [main | c.o.g.Config] GraphDB Data directory: /opt/graphdb/home/data
[INFO ] 2022-01-12 10:27:54,059 [main | c.o.g.Config] GraphDB Work directory: /opt/graphdb/home/work
[INFO ] 2022-01-12 10:27:54,062 [main | c.o.g.Config] GraphDB Logs directory: /opt/graphdb/home/logs
[WARN ] 2022-01-12 10:27:55,576 [main | o.e.r.s.h.DirectoryLockManager] Removing invalid lock 1@218ad282b13f
[INFO ] 2022-01-12 10:28:00,056 [main | c.o.g.s.GraphDB] Started GraphDB in workbench mode at port 7200.
